<?xml version="1.0" encoding="UTF-8"?>
<!-- Generated by org.testng.reporters.JUnitReportReporter -->
<testsuite skipped="0" hostname="Hardik" name="com.luma.cucumber.sw6.AppTest" tests="1" failures="0" timestamp="16 May 2023 21:30:48 GMT" time="0.045" errors="0">
  <testcase name="testApp" time="0.045" classname="com.luma.cucumber.sw6.AppTest"/>
</testsuite> <!-- com.luma.cucumber.sw6.AppTest -->
